# JRE version: OpenJDK Runtime Environment (21.0.3) (build 21.0.3+-12282718-b509.11)
# Java VM: OpenJDK 64-Bit Server VM (21.0.3+-12282718-b509.11, mixed mode, tiered, compressed oops, compressed class ptrs, g1 gc, windows-amd64)
GC Precious Log:
 CardTable entry size: 512
 Card Set container configuration: InlinePtr #cards 5 size 8 Array Of Cards #cards 12 size 40 Howl #buckets 4 coarsen threshold 1843 Howl Bitmap #cards 512 size 80 coarsen threshold 460 Card regions per heap region 1 cards per card region 2048
 CPUs: 18 total, 18 available
 Memory: 32469M
 Large Page Support: Disabled
 NUMA Support: Disabled
 Compressed Oops: Enabled (32-bit)
 Heap Region Size: 1M
 Heap Min Capacity: 8M
 Heap Initial Capacity: 508M
 Heap Max Capacity: 2G
 Pre-touch: Disabled
 Parallel Workers: 14
 Concurrent Workers: 4
 Concurrent Refinement Workers: 14
 Periodic GC: Disabled
Heap:
 garbage-first heap   total 254976K, used 225863K [0x0000000080000000, 0x0000000100000000)
  region size 1024K, 94 young (96256K), 4 survivors (4096K)
 Metaspace       used 117003K, committed 119232K, reserved 1179648K
  class space    used 15889K, committed 17024K, reserved 1048576K
GC Heap History (20 events):
Event: 10.370 GC heap before
{Heap before GC invocations=28 (full 0):
 garbage-first heap   total 195584K, used 173307K [0x0000000080000000, 0x0000000100000000)
  region size 1024K, 74 young (75776K), 10 survivors (10240K)
 Metaspace       used 109552K, committed 111616K, reserved 1179648K
  class space    used 15119K, committed 16128K, reserved 1048576K
}
Event: 10.381 GC heap after
{Heap after GC invocations=29 (full 0):
 garbage-first heap   total 195584K, used 114123K [0x0000000080000000, 0x0000000100000000)
  region size 1024K, 7 young (7168K), 7 survivors (7168K)
 Metaspace       used 109552K, committed 111616K, reserved 1179648K
  class space    used 15119K, committed 16128K, reserved 1048576K
}
Event: 10.767 GC heap before
{Heap before GC invocations=30 (full 0):
 garbage-first heap   total 204800K, used 175563K [0x0000000080000000, 0x0000000100000000)
  region size 1024K, 68 young (69632K), 7 survivors (7168K)
 Metaspace       used 109980K, committed 112064K, reserved 1179648K
  class space    used 15203K, committed 16256K, reserved 1048576K
}
Event: 10.773 GC heap after
{Heap after GC invocations=31 (full 0):
 garbage-first heap   total 204800K, used 117124K [0x0000000080000000, 0x0000000100000000)
  region size 1024K, 6 young (6144K), 6 survivors (6144K)
 Metaspace       used 109980K, committed 112064K, reserved 1179648K
  class space    used 15203K, committed 16256K, reserved 1048576K
}
Event: 11.001 GC heap before
{Heap before GC invocations=31 (full 0):
 garbage-first heap   total 204800K, used 185732K [0x0000000080000000, 0x0000000100000000)
  region size 1024K, 74 young (75776K), 6 survivors (6144K)
 Metaspace       used 110104K, committed 112192K, reserved 1179648K
  class space    used 15213K, committed 16256K, reserved 1048576K
}
Event: 11.006 GC heap after
{Heap after GC invocations=32 (full 0):
 garbage-first heap   total 204800K, used 117701K [0x0000000080000000, 0x0000000100000000)
  region size 1024K, 8 young (8192K), 8 survivors (8192K)
 Metaspace       used 110104K, committed 112192K, reserved 1179648K
  class space    used 15213K, committed 16256K, reserved 1048576K
}
Event: 11.225 GC heap before
{Heap before GC invocations=32 (full 0):
 garbage-first heap   total 204800K, used 184261K [0x0000000080000000, 0x0000000100000000)
  region size 1024K, 74 young (75776K), 8 survivors (8192K)
 Metaspace       used 110318K, committed 112320K, reserved 1179648K
  class space    used 15241K, committed 16256K, reserved 1048576K
}
Event: 11.231 GC heap after
{Heap after GC invocations=33 (full 0):
 garbage-first heap   total 204800K, used 119343K [0x0000000080000000, 0x0000000100000000)
  region size 1024K, 7 young (7168K), 7 survivors (7168K)
 Metaspace       used 110318K, committed 112320K, reserved 1179648K
  class space    used 15241K, committed 16256K, reserved 1048576K
}
Event: 11.423 GC heap before
{Heap before GC invocations=34 (full 0):
 garbage-first heap   total 208896K, used 184879K [0x0000000080000000, 0x0000000100000000)
  region size 1024K, 72 young (73728K), 7 survivors (7168K)
 Metaspace       used 110425K, committed 112576K, reserved 1179648K
  class space    used 15252K, committed 16320K, reserved 1048576K
}
Event: 11.429 GC heap after
{Heap after GC invocations=35 (full 0):
 garbage-first heap   total 208896K, used 121719K [0x0000000080000000, 0x0000000100000000)
  region size 1024K, 7 young (7168K), 7 survivors (7168K)
 Metaspace       used 110425K, committed 112576K, reserved 1179648K
  class space    used 15252K, committed 16320K, reserved 1048576K
}
Event: 432.126 GC heap before
{Heap before GC invocations=35 (full 0):
 garbage-first heap   total 208896K, used 188279K [0x0000000080000000, 0x0000000100000000)
  region size 1024K, 73 young (74752K), 7 survivors (7168K)
 Metaspace       used 111813K, committed 113984K, reserved 1179648K
  class space    used 15430K, committed 16512K, reserved 1048576K
}
Event: 432.140 GC heap after
{Heap after GC invocations=36 (full 0):
 garbage-first heap   total 250880K, used 121744K [0x0000000080000000, 0x0000000100000000)
  region size 1024K, 7 young (7168K), 7 survivors (7168K)
 Metaspace       used 111813K, committed 113984K, reserved 1179648K
  class space    used 15430K, committed 16512K, reserved 1048576K
}
Event: 433.148 GC heap before
{Heap before GC invocations=36 (full 0):
 garbage-first heap   total 250880K, used 228240K [0x0000000080000000, 0x0000000100000000)
  region size 1024K, 112 young (114688K), 7 survivors (7168K)
 Metaspace       used 112431K, committed 114560K, reserved 1179648K
  class space    used 15431K, committed 16512K, reserved 1048576K
}
Event: 433.160 GC heap after
{Heap after GC invocations=37 (full 0):
 garbage-first heap   total 250880K, used 132208K [0x0000000080000000, 0x0000000100000000)
  region size 1024K, 14 young (14336K), 14 survivors (14336K)
 Metaspace       used 112431K, committed 114560K, reserved 1179648K
  class space    used 15431K, committed 16512K, reserved 1048576K
}
Event: 433.243 GC heap before
{Heap before GC invocations=37 (full 0):
 garbage-first heap   total 250880K, used 136304K [0x0000000080000000, 0x0000000100000000)
  region size 1024K, 20 young (20480K), 14 survivors (14336K)
 Metaspace       used 112621K, committed 114752K, reserved 1179648K
  class space    used 15452K, committed 16512K, reserved 1048576K
}
Event: 433.251 GC heap after
{Heap after GC invocations=38 (full 0):
 garbage-first heap   total 250880K, used 135883K [0x0000000080000000, 0x0000000100000000)
  region size 1024K, 3 young (3072K), 3 survivors (3072K)
 Metaspace       used 112621K, committed 114752K, reserved 1179648K
  class space    used 15452K, committed 16512K, reserved 1048576K
}
Event: 433.967 GC heap before
{Heap before GC invocations=39 (full 0):
 garbage-first heap   total 250880K, used 248523K [0x0000000080000000, 0x0000000100000000)
  region size 1024K, 41 young (41984K), 3 survivors (3072K)
 Metaspace       used 116653K, committed 118848K, reserved 1179648K
  class space    used 15877K, committed 16960K, reserved 1048576K
}
Event: 433.982 GC heap after
{Heap after GC invocations=40 (full 0):
 garbage-first heap   total 254976K, used 137094K [0x0000000080000000, 0x0000000100000000)
  region size 1024K, 4 young (4096K), 4 survivors (4096K)
 Metaspace       used 116653K, committed 118848K, reserved 1179648K
  class space    used 15877K, committed 16960K, reserved 1048576K
}
Event: 5208.044 GC heap before
{Heap before GC invocations=40 (full 0):
 garbage-first heap   total 254976K, used 232326K [0x0000000080000000, 0x0000000100000000)
  region size 1024K, 98 young (100352K), 4 survivors (4096K)
 Metaspace       used 116887K, committed 119104K, reserved 1179648K
  class space    used 15882K, committed 17024K, reserved 1048576K
}
Event: 5208.062 GC heap after
{Heap after GC invocations=41 (full 0):
 garbage-first heap   total 254976K, used 135751K [0x0000000080000000, 0x0000000100000000)
  region size 1024K, 4 young (4096K), 4 survivors (4096K)
 Metaspace       used 116887K, committed 119104K, reserved 1179648K
  class space    used 15882K, committed 17024K, reserved 1048576K
}

